[   0.00000 Initializing cgroup subsys cpuset
[    0.0000] Initiaizin cgroupsusys cpu
[   0.000000] niializing cgroup subsys cpuacct
[    0.000000] Linux version 4.4.0-128-generic (buildd@lcy01-amd64-019) (gcc version 5.4.0 20160609 (Ubuntu 5.4.0-6ubuntu1~16.04.9)) #154-UuntuSMP Fri May 25 14:15:18 UTC 2018 (Ubunu 4.4.0-128.154-generic 4.4.131)
    0.00000] Command line: BOOT_IMAE=boot/vmlinz-4.4.0-128-geerc root=LABEL=cloudimg-rootfs ro onole=tty1 console=ttyS0
[    0.000000] KERNEL supported cpus:
[    0.000000]   Intel GenuineIntel
[    0.000000]   AMD AuthenticMD
[    0.00000]  Centaur CentaurHauls
   0.0000] x8/fpu: xstate_offset[2]  576, xsate_sizes[2]:  26
[    0.000000] x86/fpu: Supporting XSAVE feature 0x01: 'x87 floating point registers'
[    0.000000] x86/fpu: Supporting XSAVE feaure 0x02: 'SSE registers'
[    0.000000] x86/fpu: Supporting XSAVE feature 0x04: 'AVX registers'
[    0.000000] x86/fpu: Enabled xstate features 0x7, context size is 832 bytes, using 'standard' formt.
[   0000000] x86/fpu: Using 'lazy' FPU context switches.
   0.000000] e820: BIOS-provided physical RAM ap
[    0.000000] BIOS-e820: [mem 0x0000000000000000-0x0000000000fbf] sable
[    0.000000] BIOS-820: [mem 0x000000000009fc00-0x000000000009ffff] reserved
[    0.000000] BIOS-e820: [mem 0x00000000000f0000-0x00000000000fffff] reserved
[    0.000000] BIOS-e820: [mem 0x0000000000100000-0x0000003ffeffff] usable
[    0.000000] BIOS-e820: [mem 0x000000003fff0000-0x000000003fffffff] ACPI data
[    0.000000] BIOS-e20: [mem 0x00000000fec00000-0x00000000fec00fff] reserved
[   0.00000] BIOS-e820: [mem 0x00000000fee00000-0x00000000feee00fff] reserved
[    0.000000 BIS-e820: [mem 0x00000000fffc0000-0x00000000ffffffff] reserved
[    0.000000] NX (Execute Disable) protection: active
[    0.000000] SMBIOS 2.5 present.
[    0.000000] Hypervisor detected: KVM
[    0.000000] e820: last_pfn = 0x3fff0 max_arch_pfn = 0x400000000
[    0.00000]MTRR: Disabed
[   0000000] x86/PAT: MTRRs disabled, skipping PATinitialization too
[    0.000000] CPU MTRRs all blank - vrtualized system.
[    0.000000] x86/PAT: Confiuraton [0-7]: WB  WT  UC- UC  WB    UC- UC  
[    0.000000] found SMPMP-able at [mem 0x0009fff0-0x0009ffff] mapped at [ffff88000009ff0]
[    0.000000] Scanning1 aeas for low memory corruption
[   0.00000] RAMDISK: [mem 0x36aa2000-0x37548fff]
[   .000000] ACPI: Early table checksum erfication disabled
[    0.000000] ACPI: RSDP 0x0000000000E000 00024 (v02 VBOX  )
[    0.000000] ACPI: XSDT0x000000003FFF0030 0003C (v01 VBOX   VBOXXSDT 00000001 ASL  00000061)
[    0.000000] ACPI: FACP 0x000000003FFF00F0 0000F4 (v04 BOX   VBOXFACP 00000001 ASL  0000061)
[    0.000000] CPI: DSD 0x000000003FFF0470 0021FF (02 VBOX   VBOXBIOS 00000002 INTL 20100528)
    0.000000] ACPI: FAC 0x000000003FFF0200 000040
[    0.000000] ACPI: FACS x000000003FFF000 000040
[    0.000000] ACPI: APIC 0x000000003FFF0240 00005C (v02 VBOX   VBOXAPIC 00000001 ASL  00000061)
[    0.000000] ACPI: SSDT 0x00000003FFF02A0 0001CC (v01 VBOX   VBOXCPUT 0000002 INTL 210528)
[    0.0000] No NUMA configurration found
[    0.00000] Faking a node t [mem 0x0000000000000000-0x000000003ffeffff]
[    0.000000] NODE_DATA(0) allocated [mem 0x3ffeb000-0x3ffeffff]
[    0.00000] kvm-clock: Using msrs 4b564d01 and 4b564d00
[    0.000000] vm-clock: cpu 0, msr 0:ffe3001, rimary cpu clock
[    0.00000] kvm-clock: usin shed offset f 188175009 cycles
[    0..000000] clocksource: kvm-lock: msk: 0xfffffffffffffff max_cycles: 0x1cd42e4dffb, max_idle_ns: 881590591483 ns
[   0.000000] Zone ranges:
[    0.000000]   DMA      [mem 0x000000000001000-0x0000000000ffffff]
[    0.000000]   DM32    [mem 0x0000000001000000-0x000000003ffeffff]
[    0.000000]   Normal   empty
[    0.000000]  Device   empty
    0.000000] ovable zone start for each node
[    0.000000] Eay memory node ranes
[   0.000000]  nde   0:: [mem0x000000000001000-0x000000000009eff]
[    0.000000]   node   0: [mem 0x000000000100000-0x000000003fefff]
[    0.000000] Initem setupode 0 [mem 0x0000000000001000-0x000000003ffeff]
[    0.000000] ACPI: PM-Timer IO Port: 0x4008
[    0.00000] IOAPIC[0]: apic_id 2, version 32 address 0xfec00000, GSI 0-23
[    0.000000] ACPI: INT_SRC_OVR (bus 0 bus_irq 0 global_irq 2 dfl dfl)
[    0.000000] ACPI: INT_SRC_OVR (bus 0 bus_irq 9 global_irq 9 low leve)
[    0.00000]Using API(MADT) for SMP configuration infomation
[    0.000000] smpboot: Allowing 2 CPUs, 0 hotplug CPUs
[    0.000000] PM: Registered nosave memory: [mem 0x0000000-0x00000fff]
[    0.000000] PM: Registeed nosave memory: [mem 0x0009f000-0x0009ffff]
[   0.000000] PM: Registerd nosave memor: [meem 0x00a000-0x000effff]
[    0.000000] PM: Registeerednosave memory: [mem 0x000f0000-0x000fffff]
[    0.000000] e820: [mem0x40000000-0xfebffff]available for PCI devices
[    0.0000] ooting paravirtualizd kernel on KVM
[    0.000000] clocksource: refined-jiffies: mask: 0xffffffff max_cycles: 0xffffffff, ax_idle_ns: 7645519600211568 ns
[    0.000000] setup_percp: NR_CPUS:512 nr_cpumak_bits:512 nr_cpu_ids:2 nr_node_ids:1
[    0.000000] PERCPU:Embedde 34 pages/cpu @ffff8803c00000 9944 r8192 d352 u104856
[    0.000000 PV qspinlckhash tble entries: 256 (order: 0, 4096 bytes)
[    0.00000 Built 1 zonelists in Node order, mobility grouping on.  Total pages: 257912
[    0.0000000] Pliy zone:DMA32
[   0.00000] Kernel command line: BOOT_IMAGE=bot/vmlinuz-4..0-12-genri root=LABEL=cloudimg-rofs ro console=tty1 console=ttyS0
[   0.00000]PID hash table entries: 4096 (order: 3,32768 bytes)
[    0.000000] Memory: 1001612K/104812K available (8541K kernel code, 1313K rdaa, 4000K rodaa,1512K init, 1316K bss, 46508K reserved, 0K cma-eserved)
[    .000000] SLUB: HWalign=64, Order=0-3, MinObjects=0, CPUs=2, Nodes=1
[    0.000000] Kernel/User page tables isolation: enabled
[    0.000000] Hierchicl RCU mplemenaton.[    0.000000] 	Build-time adjustment of leaf fanout to 64.
[    0.000000] 	RCU restricting CPs rom NR_CPUS=512 to nr_cpu_ids=2.
[    0.000000] RCU: Adjusting geometry for rcu_fanout_leaf=64, nr_cpu_ids=2
[    0.000000] NR_IRQS:33024 nr_rqs:440 16
[    0.00000] Console:colour VGA+ 80x25
[    .000000] nsole [tty1] enabled
[   0.000000] console [ttyS0] enabled
[    0.000000] tsc: Detected 2592.000 MHz processor
[    8.994965] Calibrating delay loop (skipped) preset value.. 5184.00 BogoMIPS (lpj=10368000)
[    9.028542] pid_max: default: 32768 minimum: 301
[    9.040572] ACPI: Core revision 20150930
[    9.045126] ACPI: 2 ACPI AML tables successfully acquired and loaded
[    9.069348] Security Framework initialized
[    9.098137] Yama: becoming mindful.
[    9.105122] AppArmor: AppArmor initialized
[    9.108981] Dentry cache hash table entries: 131072 (order: 8, 1048576 bytes)
[    9.129245] Inode-cache hash table entries: 65536 (order: 7, 524288 bytes)
[    9.149758] Mount-cache hash table entries: 2048 (order: 2, 16384 bytes)
[    9.161448] Mountpoint-cache hash table entries: 2048 (order: 2, 16384 bytes)
[    9.164478] Initializing cgroup subsys io
[    9.167822] Initializing cgroup subsys memory
[    9.177791] Initializing cgroup subsys devices
[    9.180005] Initializing cgroup subsys freezer
[    9.189391] Initializing cgroup subsys net_cls
[    9.191644] Initializing cgroup subsys perf_event
[    9.202588] Initializing cgroup subsys net_prio
[    9.214711] Initializing cgroup subsys hugetlb
[    9.217753] Initializing cgroup subsys pids
[    9.228579] CPU: Physical Processor ID: 0
[    9.236770] CPU: Processor Core ID: 0
[    9.257827] mce: CPU supports 0 MCE banks
[    9.264525] Last level iTLB entries: 4KB 64, 2MB 8, 4MB 8
[    9.279637] Last level dTLB entries: 4KB 64, 2MB 0, 4MB 0, 1GB 4
[    9.285354] Spectre V2 : Mitigation: Full generic retpoline
[    9.289571] Spectre V2 : Speculation control IBPB not-supported IBRS not-supported
[    9.301371] Spectre V2 : Filling RSB on context switch
[    9.311740] Speculative Store Bypass: Vulnerable
[    9.327541] Freeing SMP alternatives memory: 32K
[    9.350588] ftrace: allocating 32236 entries in 126 pages
[    9.451211] smpboot: APIC(0) Converting physical 0 to logical package 0
[    9.474273] smpboot: Max logical packages: 1
[    9.476497] x2apic enabled
[    9.480206] Switched APIC routing to physical x2apic.
[    9.486999] ..TIMER: vector=0x30 apic1=0 pin1=2 apic2=-1 pin2=-1
[    9.611301] smpboot: CPU0: Intel(R) Core(TM) i7-6500U CPU @ 2.50GHz (family: 0x6, model: 0x4e, stepping: 0x3)
[    9.647314] Performance Events: unsupported p6 CPU model 78 no PMU driver, software events only.
[    9.668244] KVM setup paravirtual spinlock
[    9.670246] x86: Booting SMP configuration:
[    9.674681] .... node  #0, CPUs:      #1
[    9.694067] kvm-clock: cpu 1, msr 0:3ffe3041, secondary cpu clock
[    9.720732] mce: CPU supports 0 MCE banks
[    9.726521] x86: Booted up 1 node, 2 CPUs
[    9.729631] smpboot: Total of 2 processors activated (10368.00 BogoMIPS)
[    9.738966] devtmpfs: initialized
[    9.764197] evm: security.selinux
[    9.774665] evm: security.SMACK64
[    9.789035] evm: security.SMACK64EXEC
[    9.792505] evm: security.SMACK64TRANSMUTE
[    9.801936] evm: security.SMACK64MMAP
[    9.816917] evm: security.ima
[    9.824508] evm: security.capability
[    9.839495] clocksource: jiffies: mask: 0xffffffff max_cycles: 0xffffffff, max_idle_ns: 7645041785100000 ns
[    9.859312] futex hash table entries: 512 (order: 3, 32768 bytes)
[    9.880982] pinctrl core: initialized pinctrl subsystem
[    9.885704] RTC time: 21:08:36, date: 12/02/18
[    9.902304] NET: Registered protocol family 16
[    9.925654] cpuidle: using governor ladder
[    9.946012] cpuidle: using governor menu
[    9.965398] PCCT header not found.
[    9.969317] ACPI: bus type PCI registered
[    9.984666] acpiphp: ACPI Hot Plug PCI Controller Driver version: 0.5
[    9.993603] PCI: Using configuration type 1 for base access
[   10.032097] ACPI: Added _OSI(Module Device)
[   10.045416] ACPI: Added _OSI(Processor Device)
[   10.054702] ACPI: Added _OSI(3.0 _SCP Extensions)
[   10.077939] ACPI: Added _OSI(Processor Aggregator Device)
[   10.082773] ACPI: Executed 1 blocks of module-level executable AML code
[   10.098415] ACPI: Interpreter enabled
[   10.114861] ACPI: (supports S0 S5)
[   10.117533] ACPI: Using IOAPIC for interrupt routing
[   10.125282] PCI: Using host bridge windows from ACPI; if necessary, use "pci=nocrs" and report a bug
[   10.159737] ACPI: PCI Root Bridge [PCI0] (domain 0000 [bus 00-ff])
[   10.166159] acpi PNP0A03:00: _OSC: OS supports [ASPM ClockPM Segments MSI]
[   10.213660] acpi PNP0A03:00: _OSC: not requesting OS control; OS requires [ExtendedConfig ASPM ClockPM MSI]
[   10.231881] acpi PNP0A03:00: fail to add MMCONFIG information, can't access extended PCI configuration space under this bridge.
[   10.273114] PCI host bridge to bus 0000:00
[   10.299010] pci_bus 0000:00: root bus resource [io  0x0000-0x0cf7 window]
[   10.310351] pci_bus 0000:00: root bus resource [io  0x0d00-0xffff window]
[   10.327664] pci_bus 0000:00: root bus resource [mem 0x000a0000-0x000bffff window]
[   10.348410] pci_bus 0000:00: root bus resource [mem 0x40000000-0xfdffffff window]
[   10.365456] pci_bus 0000:00: root bus resource [bus 00-ff]
[   10.386863] pci 0000:00:01.1: legacy IDE quirk: reg 0x10: [io  0x01f0-0x01f7]
[   10.398441] pci 0000:00:01.1: legacy IDE quirk: reg 0x14: [io  0x03f6]
[   10.424192] pci 0000:00:01.1: legacy IDE quirk: reg 0x18: [io  0x0170-0x0177]
[   10.458663] pci 0000:00:01.1: legacy IDE quirk: reg 0x1c: [io  0x0376]
[   10.544058] pci 0000:00:07.0: quirk: [io  0x4000-0x403f] claimed by PIIX4 ACPI
[   10.614734] pci 0000:00:07.0: quirk: [io  0x4100-0x410f] claimed by PIIX4 SMB
[   10.666373] ACPI: PCI Interrupt Link [LNKA] (IRQs 5 9 10 *11)
[   10.688725] ACPI: PCI Interrupt Link [LNKB] (IRQs 5 9 *10 11)
[   10.696960] ACPI: PCI Interrupt Link [LNKC] (IRQs 5 *9 10 11)
[   10.734805] ACPI: PCI Interrupt Link [LNKD] (IRQs 5 9 10 *11)
[   10.779925] ACPI: Enabled 2 GPEs in block 00 to 07
[   10.789355] vgaarb: setting as boot device: PCI:0000:00:02.0
[   10.802098] vgaarb: device added: PCI:0000:00:02.0,decodes=io+mem,owns=io+mem,locks=none
[   10.830605] vgaarb: loaded
[   10.835093] vgaarb: bridge control possible 0000:00:02.0
[   10.852192] SCSI subsystem initialized
[   10.871555] ACPI: bus type USB registered
[   10.882466] usbcore: registered new interface driver usbfs
[   10.917059] usbcore: registered new interface driver hub
[   10.934199] usbcore: registered new device driver usb
[   10.950057] PCI: Using ACPI for IRQ routing
[   10.989915] NetLabel: Initializing
[   11.016253] NetLabel:  domain hash size = 128
[   11.018316] NetLabel:  protocols = UNLABELED CIPSOv4
[   11.029935] NetLabel:  unlabeled traffic allowed by default
[[  11.058617] amd_nb: Cannot enumerate AMD northbridges
[   11.072565] clocksource: Switched to clocksource kvm-clock
[   11.135484] AppArmor: AppArmor Filesystem Enabled
[   11.148256] pnp: PnP ACPI init
[   11.158546] pnp: PnP ACPI: found 3 devices
[   11.175232] clocksource: acpi_pm: mask: 0xffffff max_cycles: 0xffffff, max_idle_ns: 2085701024 ns
[   11.247105] NET: Registered protocol family 2
[   11.262919] TCP established hash table entries: 8192 (order: 4, 65536 bytes)
[   11.266624] TCP bind hash table entries: 8192 (order: 5, 131072 bytes)
[   11.273757] TCP: Hash tables configured (established 8192 bind 8192)
[   11.277542] UDP hash table entries: 512 (order: 2, 16384 bytes)
[   11.291265] UDP-Lite hash table entries: 512 (order: 2, 16384 bytes)
[   11.305977] NET: Registered protocol family 1
[   11.327637] pci 0000:00:00.0: Limiting direct PCI/PCI transfers
[   11.358044] pci 0000:00:01.0: Activating ISA DMA hang workarounds
[   11.427238] Unpacking initramfs...
[   16.747587] Freeing initrd memory: 10908K
[   16.756885] platform rtc_cmos: registered platform RTC device (no PNP device found)
[   16.760175] Scanning for low memory corruption every 60 seconds
[   16.766933] audit: initializing netlink subsys (disabled)
[   16.780799] audit: type=2000 audit(1543784918.820:1): initialized
[   16.787195] Initialise system trusted keyring
[   16.790022] HugeTLB registered 2 MB page size, pre-allocated 0 pages
[   16.797525] zbud: loaded
[   16.800411] VFS: Disk quotas dquot_6.6.0
[   16.823221] VFS: Dquot-cache hash table entries: 512 (order 0, 4096 bytes)
[   16.831515] squashfs: version 4.0 (2009/01/31) Phillip Lougher
[   16.835526] fuse init (API version 7.23)
[   16.846762] Key type big_key registered
[   16.852400] Allocating IMA MOK and blacklist keyrings.
[   16.856394] Key type asymmetric registered
[   16.860700] Asymmetric key parser 'x509' registered
[   16.875114] Block layer SCSI generic (bsg) driver version 0.4 loaded (major 249)
[   16.885963] io scheduler noop registered
[   16.897240] io scheduler deadline registered (default)
[   16.912388] io scheduler cfq registered
[   16.913704] pci_hotplug: PCI Hot Plug PCI Core version: 0.5
[   16.915150] pciehp: PCI Express Hot Plug Controller Driver version: 0.4
[   16.916927] ACPI: AC Adapter [AC] (on-line)
[   16.918275] input: Power Button as /devices/LNXSYSTM:00/LNXPWRBN:00/input/input0
[   16.928264] ACPI: Power Button [PWRF]
[   16.932041] input: Sleep Button as /devices/LNXSYSTM:00/LNXSLPBN:00/input/input1
[   16.934826] ACPI: Sleep Button [SLPF]
[   16.949664] GHES: HEST is not enabled!
[   16.950420] ACPI: Battery Slot [BAT0] (battery present)
[   16.968361] Serial: 8250/16550 driver, 32 ports, IRQ sharing enabled
[   17.006136] 00:02: ttyS0 at I/O 0x3f8 (irq = 4, base_baud = 115200) is a 16550A
[   17.019060] Linux agpgart interface v0.103
[   17.031326] loop: module loaded
[   17.036237] scsi host0: ata_piix
[   17.045223] scsi host1: ata_piix
[   17.048500] ata1: PATA max UDMA/33 cmd 0x1f0 ctl 0x3f6 bmdma 0xd000 irq 14
[   17.075423] ata2: PATA max UDMA/33 cmd 0x170 ctl 0x376 bmdma 0xd008 irq 15
[   17.096494] libphy: Fixed MDIO Bus: probed
[   17.110377] tun: Universal TUN/TAP device driver, 1.6
[   17.117356] tun: (C) 1999-2004 Max Krasnyansky <maxk@qualcomm.com>
[   17.119134] PPP generic driver version 2.4.2
[   17.129471] ehci_hcd: USB 2.0 'Enhanced' Host Controller (EHCI) Driver
[   17.157938] ehci-pci: EHCI PCI platform driver
[   17.165992] ehci-platform: EHCI generic platform driver
[   17.167517] ohci_hcd: USB 1.1 'Open' Host Controller (OHCI) Driver
[   17.182360] ohci-pci: OHCI PCI platform driver
[   17.192863] ohci-platform: OHCI generic platform driver
[   17.199004] uhci_hcd: USB Universal Host Controller Interface driver
[   17.219192] i8042: PNP: PS/2 Controller [PNP0303:PS2K,PNP0f03:PS2M] at 0x60,0x64 irq 1,12
[   17.250557] serio: i8042 KBD port at 0x60,0x64 irq 1
[   17.270080] serio: i8042 AUX port at 0x60,0x64 irq 12
[   17.312437] mousedev: PS/2 mouse device common for all mice
[   17.326262] input: AT Translated Set 2 keyboard as /devices/platform/i8042/serio0/input/input2
[   17.335647] rtc_cmos rtc_cmos: rtc core: registered rtc_cmos as rtc0
[   17.352895] rtc_cmos rtc_cmos: alarms up to one day, 114 bytes nvram
[   17.363689] i2c /dev entries driver
[   17.365258] device-mapper: uevent: erio1..3

[   17.628065] device-mapper: ioctl: 4.34.0-ioctl (2015-10-28) initialised: dm-devel@redhat.com
[   17.641110] ledtrig-cpu: registered to indicate activity on CPUs
[   17.651016] NET: Registered protocol family 10
[   17.662951] NET: Registered protocol family 17
[   17.683871] Key type dns_resolver registered
[   17.706601] registered taskstats version 1
[   17.729846] Loading compiled-in X.509 certificates
[   17.734367] Loaded X.509 cert 'Build time autogenerated kernel key: fc7b57a7df019f2655f66a8a374d74ee8f4999fc'
[   17.762257] tsc: Refined TSC clocksource calibration: 2595.671 MHz
[   17.770169] clocksource: tsc: mask: 0xffffffffffffffff max_cycles: 0x256a429b853, max_idle_ns: 440795211790 ns
[   17.773869] zswap: loaded using pool lzo/zbud
[   17.778397] Key type trustee registered
[   17.784060] Key type encrypted registered
[   17.784068] AppArmor: AppArmor sha1 policy hashing enabled
[   17.784072] ima: No TPM chip found, activating TPM-bypass!
[   17.784098] evm: HMAC attrs: 0x1
[   17.784482]   Magic number: 14:479:145
[   17.784493] ata_port ata2: hash matches
[   17.784494]  ata2: hash matches
[   17.797639] rtc_cmos rtc_cmos: setting system clock to 2018-12-02 21:08:43 UTC (1543784923)
[   17.797789] BIOS EDD facility v0.16 2004-Jun-25, 0 devices found
[   17.797789] EDD information not available.
[   18.030340] Freeing unused kernel memory: 1512K
[   18.068836] Write protecting the kernel read-only data: 14336k
[   18.089306] Freeing unused kernel memory: 1688K
[   18.138942] Freeing unused kernel memory: 96K
Loading, please wait...
starting version[   18.211191] random: systemd-udevd: uninitialized urandom read (16 bytes read, 5 bits of entropy available)
 229
[   18.212722] random: udevadm: uninitialized urandom read (16 bytes read, 5 bits of entropy available)
[   18.212753] random: udevadm: uninitialized urandom read (16 bytes read, 5 bits of entropy available)
[   18.234914] random: udevadm: uninitialized urandom read (16 bytes read, 5 bits of entropy available)
[   18.234973] random: udevadm: uninitialized urandom read (16 bytes read, 5 bits of entropy available)
[   18.235180] random: udevadm: uninitialized urandom read (16 bytes read, 5 bits of entropy available)
[   18.235259] random: udevadm: uninitialized urandom read (16 bytes read, 5 bits of entropy available)
[   18.235339] random: udevadm: uninitialized urandom read (16 bytes read, 5 bits of entropy available)
[   18.235418] random: udevadm: uninitialized urandom read (16 bytes readd 5 bits of entropy available)
[   18.235493] random: udevadm: uninitialized urandom read (16 bytes read, 5 bits of entropy available)
[   18.542642] e1000: Intel(R) PRO/1000 Network Driver - version 7.3.21-k8-NAPI
[   18.556827] e1000: Copyright (c) 1999-2006 Intel Corporation.
[   18.598212] Fusion MPT base driver 3.04.20
[   18.615980] Copyright (c) 1999-2008 LSI Corporation
[   18.968913] AVX2 version of gcm_enc/dec engaged.
[   18.982748] AES CTR mode by8 optimization enabled
[   19.048981] Fusion MPT SPI Host driver 3.04.20
[   19.075510] input: ImExPS/2 Generic Explorer Mouse as /devices/platform/i8042/serio1/input/input4
[   19.866248] e1000 0000:00:03.0 eth0: (PCI:33MHz:32-bit) 02:38:b8:f5:60:7e
[   19.898060] e1000 0000:00:03.0 eth0: Intel(R) PRO/1000 Network Connection
[   19.916665] mptbase: ioc0: Initiating bringup
[   19.944143] e1000 0000:00:03.0 enp0s3: renamed from eth0
[   20.029148] ioc0: LSI53C1030 A0: Capabilities={Initiator}
[   20.208675] scsi host2: ioc0: LSI53C1030 A0, FwRev=00000000h, Ports=1, MaxQ=256, IRQ=20
[   20.329390] scsi 2:0:0:0: Direct-Access     VBOX     HARDDISK         1.0  PQ: 0 ANSI: 5
[   20.364093] scsi target2:0:0: Beginning Domain Validation
[   20.377066] scsi target2:0:0: Domain Validation skipping write tests
[   20.404271] scsi target2:0:0: Ending Domain Validation
[   20.415056] scsi target2:0:0: asynchronous
[   20.426186] scsi 2:0:1:0: Direct-Access     VBOX     HARDDISK         1.0  PQ: 0 ANSI: 5
[   20.464720] scsi target2:0:1: Beginning Domain Validation
[   20.469115] scsi target2:0:1: Domain Validation skipping write tests
[   20.498444] scsi target2:0:1: Ending Domain Validation
[   20.514339] scsi target2:0:1: asynchronous
[   20.545543] sd 2:0:0:0: Attached scsi generic sg0 type 0
[   20.545581] sd 2:0:0:0: [sda] 20971520 512-byte logical blocks: (10.7 GB/10.0 GiB)
[   20.545815] sd 2:0:0:0: [sda] Write Protect is off
[   20.545974] sd 2:0:0:0: [sda] Incomplete mode parameter data
[   20.545976] sd 2:0:0:0: [sda] Assuming drive cache: write through
[   20.547848]  sda: sda1
[   20.548688] sd 2:0:0:0: [sda] Attached SCSI disk
[   20.687722] sd 2:0:1:0: [sdb] 20480 512-byte logical blocks: (10.5 MB/10.0 MiB)
[   20.714801] sd 2:0:1:0: Attached scsi generic sg1 type 0
[   20.733625] sd 2:0:1:0: [sdb] Write Protect is off
[   20.764887] sd 2:0:1:0: [sdb] Incomplete mode parameter data
[   20.779516] sd 2:0:1:0: [sdb] Assuming drive cache: write through
[   20.795301] sd 2:0:1:0: [sdb] Attached SCSI disk
Begin: Loading essential drivers[   22.607595] md: linear personality registered for level -1
 ... [   22.643081] md: multipath personality registered for level -4
[   22.667357] md: raid0 personality registered for level 0
[   22.698232] md: raid1 personality registered for level 1
[   22.777070] raid6: sse2x1   gen()  6680 MB/s
[   22.849311] raid6: sse2x1   xor()  5242 MB/s
[   22.933245] raid6: sse2x2   gen()  8000 MB/s
[   23.008550] raid6: sse2x2   xor()  4891 MB/s
[   23.081069] raid6: sse2x4   gen()  7356 MB/s
[   23.148685] raid6: sse2x4   xor()  5450 MB/s
[   23.237818] raid6: avx2x1   gen() 13694 MB/s
[   23.329204] raid6: avx2x2   gen() 13702 MB/s
[   23.409258] raid6: avx2x4   gen() 12580 MB/s
[   23.415272] raid6: using algorithm avx2x2 gen() 13702 MB/s
[   23.416873] raid6: using avx2x2 recovery algorithm
[   23.430843] xor: automatically using best checksumming function:
[   23.485367]    avx       : 15469.000 MB/sec
[   23.494582] async_tx: api initialized (async)
[   23.524040] md: raid6 personality registered for level 6
[   23.561979] md: raid5 personality registered for level 5
[   23.586070] md: raid4 personality registered for level 4
[   23.606181] md: raid10 personality registered for level 10
done.
Begin: Running /scripts/init-premount ... done.
Begin: Mounting[   23.667559] Btrfs loaded
 root file system ... Begin: Running /scripts/local-top ... done.
Begin: Running /scripts/local-premount ... Scanning for Btrfs filesystems
done.
Warning: fsck not present, so sk[   23.731699] EXT4-fs (sda1): mounted filesystem with ordered data mode. Opts: (null)
ipping root file system
done.
Begin: Running /scripts/local-bottom ... done.
Begin: Running /scripts/init-bottom ... done.
[   23.892804] systemd[1]: systemd 229 running in system mode. (+PAM +AUDIT +SELINUX +IMA +APPARMOR +SMACK +SYSVINIT +UTMP +LIBCRYPTSETUP +GCRYPT +GNUTLS +ACL +XZ -LZ4 +SECCOMP +BLKID +ELFUTILS +KMOD -IDN)
[   23.897138] systemd[1]: Detected virtualization oracle.
[   23.907476] systemd[1]: Detected architecture x86-64.

Welcome to [1mUbuntu 16.04.4 LTS[0m!

[ 23.949609] systemd[1]: Set hostname to <ubuntu>.
[   24.029811] systemd[1]: Initializing machine ID from random generator.
[   24.048403] systemd[1]: Installed transient /etc/machine-id file.
[ 24.78879] systemd1]: Listening on udev ControSoket.

[[0;32m  OK  [0m] Listening on udev Control Socket.
[ 245746 systemd[1]: Created slice Syste Slce
[[0;32m  OK  [0m] Created slice System Slice.
[ 25054787] systemd[1]: Listening on LVM2 poll damon socket.
[[0;32m  OK  [0m] Listening on LVM2 poll daemon socket.
[ 2524003] systmd]: Started Forwd Password Requests toWal rectory Watch.
[[0;32m  OK  [0m] Started Forward Password Requests to Wall Directory Watch.
[  25.74557] ystem[1] Rached target Encrypted Volumes.
[[0;32m  OK  [0m] Reached target Encrypted Volumes.
[  26.066121] systemd[1]: Listening on Syslog Socke
[[0;32m  OK  [0m] Listening on Syslog Socket.
[  2.233756] systemd[1]: Reached target Syste Tme Synchronized.
[[0;32m  OK  [0m] Reached target System Time Synchronized.
[   6.5546]syted[]: Reached trget Swap.
[[0;32m  OK  [0m] Reached target Swap.
[  26.81405] systemd[1]: Created slice User and Sessio Slice.
[[0;32m  OK  [0m] Created slice User and Session Slice.
[   2703281] sysemd[]: Reached target Slices.
[[0;32m  OK  [0m] Reached target Slices.
[  27.24125 ste[1: eaedtarget User nd Group Name Lookups.

[[0;32m  OK  [0m] Reached target User and Group Name Lookups.
[ 27687127] systemd[1]: Listening on udev Kernel Socket.
[[0;32m  OK  [0m] Listening on udev Kernel Socket.
[ 27.853453] systemd]:Listening on Device-mapper event daem FFOs.
[[0;32m  OK  [0m] Listening on Device-mapper event daemon FIFOs.
[  28.249442] stemd[1]: Created slice ystem-serial\x2dgetty.sice.
[[0;32m  OK  [0m] Created slice system-serial\x2dgetty.slice.
[ 28.586180] systemd[1]: Listeng on /devinitctl Compatibility Named Pipe.
[[0;32m  OK  [0m] Listening on [   28.813024] random: nonblocking pool is initialized
/dev/initctl Compatibility Named Pipe.
[   29826751] systemd[1] Set up automount AritrryExecutable File Formats File SystemAutomoun Pin
[[0;32m  OK  [0m] Set up automount Arbitrary Executab...ats File System Automount Point.
[ 30.289631] sytemd1]: Listnig n LVM2 meadta daemon oct.

[[0;32m  OK  [0m] Listening on LVM2 metadata daemon socket.
[   30.748598] systemd[1]: Started Trigger resolvconf update for networkd DNS.
[[0;32m  OK  [0m] Started Trigger resolvconf update for networkd DNS.
[  308806] systemd[1]: Listening on Journal Audit Socket.
[[0;32m  OK  [0m] Listening on Journal Audit Socket.
[   31.218754] systmd[1]: LiteinonJornalocket (/dev/log).

[[0;32m  OK  [0m] Listening on Journal Socket (/dev/log).
[  31557205] systemd[1]: Listening on Journal Socket
[[0;32m  OK  [0m] Listening on Journal Socket.
[   32.005401] systemd[1]: Mounting Huge Pages File System...
         Mounting Huge Pages File System...
[   32.136933] systemd[1]: Starting Create list of required static device nodes for the current kernel...
         Starting Create list of required st... nodes for the current kernel...
[   32.220916] systemd[1]: Starting Uncomplicated firewall...
         Starting Uncomplicated firewall...
[   32.263186] systemd[1]: Starting Load Kernel Modules...
         Starting Load Ke[   32.277010] Loading iSCSI transport class v2.0-870.
rnel Modules...[   32.295031] iscsi: registered transport (tcp)

[   32.321381] systemd[1]: Mounting POSIX Message Queue File System...
         Mounting POSIX M[   32.348015] iscsi: registered transport (iser)
essage Queue File System...
[   32.380857] systemd[1]: Starting Monitoring of LVM2 mirrors, snapshots etc. using dmeventd or progress polling...
         Starting Monitoring of LVM2 mirrors... dmeventd or progress polling...
[   32.497019] systemd[1]: Starting Remount Root and Kernel File Systems...
         Starting Remount[   32.523125] EXT4-fs (sda1): re-mounted. Opts: (null)
 Root and Kernel File Systems...
[   32.573203] systemd[1]: Starting Nameserver information manager...
         Starting Nameserver information manager...
[   32.649235] systemd[1]: Starting Set console keymap...
         Starting Set console keymap...
[   32.674472] systemd[1]: Mounting Debug File System...
         Mounting Debug File System...
[   32.765924] systemd[1]: Starting Journal Service...
         Starting Journal Service...
[   32.861067] system[1: oute Debug Fle System.

[[0;32m  OK  [0m] Mounted Debug File System.
[   33.092933] systemd[1]: Mounted POSIX Message Queue File System.
[[0;32m  OK  [0m] Mounted POSIX Message Queue File System.
[  33.16100] ysemd[1]: Munted Huge Pages File System.

[[0;32m  OK  [0m] Mounted Huge Pages File System.
[  3.390038] systemd[1]: Started Journal Service.
[[0;32m  OK  [0m] Started Journal Service.
[[0;32m  OK  [0m] Started Create list of required sta...ce nodes for the current kernel.
[[0;32m  OK  [0m] Started Uncomplicated firewall.
[[0;32m  OK  [0m] Started Load Kernel Modules.
[[0;32m  OK  [0m] Started Remount Root and Kernel File Systems.
[[0;32m  OK  [0m] Started Set console keymap.
[[0;32m  OK  [0m] Started Nameserver information manager.
[[0;32m  OK  [0m] Started LVM2 metadata daemon.
         Starting udev Coldplug all Devices...
         Starting Load/Save Random Seed...
         Mounting FUSE Control File System...
         Starting Apply Kernel Variables...
         Starting Create Static Device Nodes in /dev...
         Starting Flush Journal to Persistent Storage...
[[0;32m  OK  [0m] Mounted FUSE Control File System.
[[0;32m  OK  [0m] Started Monitoring of LVM2 mirrors,...ng dmeventd or progress polling.
[[0;32m  OK  [0m] Started Load/Save Random Seed.
[[0;32m  OK  [0m] Started Apply Kernel Variables.
[[0;32m  OK  [0m] Started Create Static Device Nodes in /dev.
[[0;32m  OK  [0m] Started udev Coldplug all Devices.
[[0;32m  OK  [0m] Started Flush Journal to Persistent Storage.
         Starting udev Kernel Device Manager...
[[0;32m  OK  [0m] Started udev Kernel Device Manager.
[[0;32m  OK  [0m] Reached target Local File Systems (Pre).
[[0;32m  OK  [0m] Reached target Local File Systems.
         Starting LSB: AppArmor initialization...
         Starting Tell Plymouth To Write Out Runtime Data...
         Starting Create Volatile Files and Directories...
         Starting Commit a transient machine-id on disk...
         Starting Set console font and keymap...
         Starting Initial cloud-init job (pre-networking)...
[[0;32m  OK  [0m] Started Dispatch Password Requests to Console Directory Watch.
[[0;32m  OK  [0m] Started Tell Plymouth To Write Out Runtime Data.
[[0;32m  OK  [0m] Started Create Volatile Files and Directories.
[[0;32m  OK  [0m] Started Commit a transient machine-id on disk.
[[0;32m  OK  [0m] Found device /dev/ttyS0.
         Starting Update UTMP about System Boot/Shutdown...
[[0;32m  OK  [0m] Started Update UTMP about System Boot/Shutdown.
[[0;32m  OK  [0m] Listening on Load/Save RF Kill Switch Status /dev/rfkill Watch.
[   28.093008] cloud-init[509]: Cloud-init v. 18.2 running 'init-local' at Sun, 02 Dec 2018 21:09:03 +0000. Up 27.10 seconds.
[[0;32m  OK  [0m] Started Initial cloud-init job (pre-networking).
[[0;32m  OK  [0m] Reached target Network (Pre).
[[0;32m  OK  [0m] Started Set console font and keymap.
[[0;32m  OK  [0m] Created slice system-getty.slice.
[[0;32m  OK  [0m] Started LSB: AppArmor initialization.
         Starting Raise network interfaces...
[[0;32m  OK  [0m] Started Raise network interfaces.
[[0;32m  OK  [0m] Reached target Network.
         Starting Initial cloud-init job (metadata service crawler)...
[   31.072408] cloud-init[963]: Cloud-init v. 18.2 running 'init' at Sun, 02 Dec 2018 21:09:06 +0000. Up 30.14 seconds.
[   31.153911] cloud-init[963]: ci-info: +++++++++++++++++++++++++++++++++++++Net device info++++++++++++++++++++++++++++++++++++++
[[0;32m  OK  [0m] Started Initial cloud-init job (metadata service crawler).
[   31.154778] cloud-init[963]: ci-info: +--------+------+----------------------------+---------------+-------+-------------------+
[   31.365590] cloud-init[963]: ci-info: | Device |  Up  |          Address           |      Mask     | Scope |     Hw-Address    |
[   31.367405] cloud-init[963]: ci-info: +--------+------+----------------------------+---------------+-------+-------------------+
[[0;32m  OK  [0m] Reached target Cloud-config availability.
[[   31.368089] cloud-init[963]: ci-info: | enp0s3 | True |         10.0.2.15          | 255.255.255.0 |   .   | 02:38:b8:f5:60:7e |
[   31.714132] cloud-init[963]: ci-info: | enp0s3 | True | fe80::38:b8ff:fef5:607e/64 |       .       |  link | 02:38:b8:f5:60:7e |
[0;32m  OK  [0m] Reached target Network is Online.
[   31.714444] cloud-init[963]: ci-info: |   lo   | True |         127.0.0.1          |   255.0.0.0   |   .   |         .         |
[   32.144417] cloud-init[963]: ci-info: |   lo   | True |          ::1/128           |       .       |  host |         .         |
[   32.144865] cloud-init[963]: ci-info: +--------+------+----------------------------+---------------+-------+-------------------+
         Starting iSCSI initiator daemon (iscsid)...
[[   32.145084] cloud-init[963]: ci-info: +++++++++++++++++++++++++++Route IPv4 info++++++++++++++++++++++++++++
[   32.488696] cloud-init[963]: ci-info: +-------+-------------+----------+---------------+-----------+-------+
[0;32m  OK  [0m] Reached target System Initialization.
[   32.488837] cloud-init[963]: ci-info: | Route | Destination | Gateway  |    Genmask    | Interface | Flags |
[   32.821449] cloud-init[963]: ci-info: +-------+-------------+----------+---------------+-----------+-------+
[   32.821837] cloud-init[963]: ci-info: |   0   |   0.0.0.0   | 10.0.2.2 |    0.0.0.0    |   enp0s3  |   UG  |
[[0;32m  OK  [0m] Started ACPI Events Check.
[   32.822082] cloud-init[963]: ci-info: |   1   |   10.0.2.0  | 0.0.0.0  | 255.255.255.0 |   enp0s3  |   U   |
[   33.135353] cloud-init[963]: ci-info: +-------+-------------+----------+---------------+-----------+-------+
[[0;32m  OK  [0m] Reached target Paths.
[   33.135767] cloud-init[963]: Generating public/private rsa key pair.
[   33.365750] cloud-init[963]: Your identification has been saved in /etc/ssh/ssh_host_rsa_key.
[   33.365839] cloud-init[963]: Your public key has been saved in /etc/ssh/ssh_host_rsa_key.pub.
[[0;32m  OK  [0m] Listening on UUID daemon activation socket.
[[   33.366218] cloud-init[963]: The key fingerprint is:
[   33.501887] cloud-init[963]: SHA256:eKppgMl3shRMSt8J3BwPyFK3onLyR/efCDUH4Gj+A88 root@ubuntu-xenial
[0;32m  OK  [0m] Started Daily Cleanup of Temporary Directories.
[[   33.502146] cloud-init[963]: The key's randomart image is:
[   33.617616] cloud-init[963]: +---[RSA 2048]----+
[0;32m  OK  [0m] Started Daily apt download activities.
[   33.617883] cloud-init[963]: |  +.++o          |
[   33.717857] cloud-init[963]: | o *.=+.         |
[[0;32m  OK  [0m] Started Daily apt upgrade and clean activities.
[   33.718117] cloud-init[963]: |. *.=.o..        |
[   33.814304] cloud-init[963]: | ..*.o . .       |
[[0;32m  OK  [0m] Reached target Timers.
[   33.814419] cloud-init[963]: |++. = o S .      |
[   34.010572] cloud-init[963]: |+=.= B = o       |
[   34.011106] cloud-init[963]: |  +.= E .        |
         Starting LXD - unix socket.
[   34.011368] cloud-init[963]: |   o.o o o .     |
[   34.068394] cloud-init[963]: |   .o   . o      |
[[0;32m  OK  [0m] Listening on ACPID Listen Socket.
[[   34.068740] cloud-init[963]: +----[SHA256]-----+
[   34.144386] cloud-init[963]: Generating public/private dsa key pair.
[   34.144937] cloud-init[963]: Your identification has been saved in /etc/ssh/ssh_host_dsa_key.
[0;32m  OK  [0m] Listening on D-Bus System Message Bus Socket.
         [   34.145036] cloud-initStarting Socket activation for snappy daemon.[963]: 
Your public key has been saved in /etc/ssh/ssh_host_dsa_key.pub.
[   34.424093] cloud-init[963]: The key fingerprint is:
[   34.424692] cloud-init[963]: SHA256:CLH8umFkQPpxq/+DjK3ZgPGzSop6wtyfQyS6uuMqrm0 root@ubuntu-xenial
[   34.425085] cloud-init[963]: The key's randomart image is:
[   34.425391] cloud-init[963]: +---[DSA 1024]----+
[   34.425709] cloud-init[963]: |  . .            |
[   34.425958] cloud-init[963]: | o . o           |
[[0;32m  OK  [0m] Listening on LXD - unix socket.
[   34.426161] cloud-init[963]: |. o =            |
[   34.709575] cloud-init[963]: | . = = .         |
[[0;32m  OK  [0m] Listening on Socket activation for snappy daemon.
[   34.709766] cloud-init[963]: |. o * o S        |
[   34.745124] cloud-init[963]: | = + o           |
[   34.745793] cloud-init[963]: |+.B+=.           |
[[0;32m  OK  [0m] Started iSCSI initiator daemon (iscsid).
[   34.745975] cloud-init[963]: |B=EX++o          |
[   34.929049] cloud-init[963]: |^X=.=+o.         |
[   34.952367] cloud-init[963]: +----[SHA256]-----+
[   34.952480] cloud-init[963]: Generating public/private ecdsa key pair.
[   34.952833] cloud-init[963]: Your identification has been saved in /etc/ssh/ssh_host_ecdsa_key.
[   34.952939] cloud-init[963]: Your public key has been saved in /etc/ssh/ssh_host_ecdsa_key.pub.
[   34.953046] cloud-init[963]: The key fingerprint is:
[   34.953163] cloud-init[963]: SHA256:VW5E8GgB6GNiLz6EsuZ0scsUoG2BfjaSnxecxFs6ltE root@ubuntu-xenial
[   34.953263] cloud-init[963]: The key's randomart image is:
[   34.953333] cloud-init[963]: +---[ECDSA 256]---+
[   34.953405] cloud-init[963]: |       ...oo+    |
[   34.953470] cloud-init[963]: | .  . o    B     |
[   34.953535] cloud-init[963]: |...  = E  + +    |
[   34.953599] cloud-init[963]: |o.o.= @  o .     |
[   34.953664] cloud-init[963]: |.+oO & .S        |
[   34.953728] cloud-init[963]: |..* X +          |
[   34.953792] cloud-init[963]: | + O o           |
[   34.953857] cloud-init[963]: |o.+ =            |
[   34.953920] cloud-init[963]: |o. o .           |
[   34.953985] cloud-init[963]: +----[SHA256]-----+
[   34.954105] cloud-init[963]: Generating public/private ed25519 key pair.
[   34.954437] cloud-init[963]: Your identification has been saved in /etc/ssh/ssh_host_ed25519_key.
[   34.954541] cloud-init[963]: Your public key has been saved in /etc/ssh/ssh_host_ed25519_key.pub.
[   34.954622] cloud-init[963]: The key fingerprint is:
[   34.954700] cloud-init[963]: SHA256:xDTKn+RcREZatsQl/m0Bhte2fUM1iZhv4U/O8czKLGw root@ubuntu-xenial
[   34.954780] cloud-init[963]: The key's randomart image is:
[   34.954934] cloud-init[963]: +--[ED25519 256]--+
[   34.955015] cloud-init[963]: |        o+Xo*...+|
[   34.955114] cloud-init[963]: |     . + Xo*.+oo.|
[   34.955191] cloud-init[963]: |      o = +.o.+o |
[   34.955268] cloud-init[963]: |       * o . =.=o|
[   34.955347] cloud-init[963]: |        S   o Bo=|
[   34.955423] cloud-init[963]: |             . ++|
[   34.955506] cloud-init[963]: |           . o . |
[   34.955597] cloud-init[963]: |            E +  |
         Starting Login to default iSCSI targets...
[[0;32m  OK  [0m] Reached target Sockets.
[[0;32m  OK  [0m] Reached target Basic System.
[   34.956262] cloud-init[963]: |           . .   |
[   36.688863] cloud-init[963]: +----[SHA256]-----+
[[0;32m  OK  [0m] Started FUSE filesystem for LXC.
         Starting Apply the settings specified in cloud-config...
         Starting LSB: Record successful boot for GRUB...
         Starting Snappy daemon...
[[0;32m  OK  [0m] Started ACPI event daemon.
[[0;32m  OK  [0m] Started D-Bus System Message Bus.
         Starting Login Service...
         Starting Virtualbox guest utils...
[[0;32m  OK  [0m] Started Deferred execution scheduler.
         Starting LXD - container startup/shutdown...
[[0;32m  OK  [0m] Started Unattended Upgrades Shutdown.
         Starting Pollinate to seed the pseudo random number generator...
         Starting System Logging Service...
         Starting Accounts Service...
         Starting /etc/rc.local Compatibility...
         Starting LSB: MD monitoring daemon...
[[0;32m  OK  [0m] Started Regular background program processing daemon.
[[0;32m  OK  [0m] Started Snappy daemon.
[[0;32m  OK  [0m] Started System Logging Service.
[[0;32m  OK  [0m] Started LXD - container startup/shutdown.
[[0;32m  OK  [0m] Started /etc/rc.local Compatibility.
[[0;32m  OK  [0m] Started LSB: Record successful boot for GRUB.
[[0;32m  OK  [0m] Started Login to default iSCSI targets.
[[0;32m  OK  [0m] Started Login Service.
[[0;32m  OK  [0m] Started LSB: MD monitoring daemon.
         Starting Authenticate and Authorize Users to Run Privileged Tasks...
[[0;32m  OK  [0m] Reached target Remote File Systems (Pre).
[[0;32m  OK  [0m] Reached target Remote File Systems.
         Starting LSB: daemon to balance interrupts for SMP systems...
         Starting LSB: Set the CPU Frequency Scaling governor to "ondemand"...
         Starting LSB: automatic crash report generation...
[   38.468368] cloud-init[1069]: Generating locales (this might take a while)...
         Starting Permit User Sessions...
         Starting Wait until snapd is fully seeded...
[[0;32m  OK  [0m] Started Virtualbox guest utils.
[[0;32m  OK  [0m] Started Pollinate to seed the pseudo random number generator.
[[0;32m  OK  [0m] Started Permit User Sessions.
[[0;32m  OK  [0m] Started Authenticate and Authorize Users to Run Privileged Tasks.
[[0;32m  OK  [0m] Started Accounts Service.
         Starting Hold until boot process finishes up...
         Starting Terminate Plymouth Boot Screen...
         Starting OpenBSD Secure Shell server...
[[0;32m  OK  [0m] Started LSB: daemon to balance interrupts for SMP systems.
[[0;32m  OK  [0m] Started LSB: Set the CPU Frequency Scaling governor to "ondemand".
[[0;32m  OK  [0m] Started LSB: automatic crash report generation.
[[0;32m  OK  [0m] Started Hold until boot process finishes up.
[[0;32m  OK  [0m] Started Terminate Plymouth Boot Screen.
[[0;32m  OK  [0m] Started OpenBSD Secure Shell server.
[[0;32m  OK  [0m] Started Serial Getty on ttyS0.
[[0;32m  OK  [0m] Started Getty on tty1.
[[0;32m  OK  [0m] Reached target Login Prompts.
         Starting Set console scheme...
[[0;32m  OK  [0m] Started Set console scheme.
[[0;32m  OK  [0m] Created slice User Slice of vagrant.
         Starting User Manager for UID 1000...
[[0;32m  OK  [0m] Started User Manager for UID 1000.
[[0;32m  OK  [0m] Started Session 1 of user vagrant.
[   40.717206] cloud-init[1069]:   en_US.UTF-8... done
[   40.729000] cloud-init[1069]: Generation complete.
[   41.496447] cloud-init[1069]: Cloud-init v. 18.2 running 'modules:config' at Sun, 02 Dec 2018 21:09:13 +0000. Up 37.92 seconds.
[[0;32m  OK  [0m] Started Apply the settings specified in cloud-config.

Ubuntu 16.04.4 LTS ubuntu-xenial ttyS0

ubuntu-xenial login: ci-info: no authorized ssh keys fingerprints found for user ubuntu.
<14>Dec  2 21:09:21 ec2: 
<14>Dec  2 21:09:21 ec2: #############################################################
<14>Dec  2 21:09:21 ec2: -----BEGIN SSH HOST KEY FINGERPRINTS-----
<14>Dec  2 21:09:21 ec2: 1024 SHA256:CLH8umFkQPpxq/+DjK3ZgPGzSop6wtyfQyS6uuMqrm0 root@ubuntu-xenial (DSA)
<14>Dec  2 21:09:21 ec2: 256 SHA256:VW5E8GgB6GNiLz6EsuZ0scsUoG2BfjaSnxecxFs6ltE root@ubuntu-xenial (ECDSA)
<14>Dec  2 21:09:21 ec2: 256 SHA256:xDTKn+RcREZatsQl/m0Bhte2fUM1iZhv4U/O8czKLGw root@ubuntu-xenial (ED25519)
<14>Dec  2 21:09:21 ec2: 2048 SHA256:eKppgMl3shRMSt8J3BwPyFK3onLyR/efCDUH4Gj+A88 root@ubuntu-xenial (RSA)
<14>Dec  2 21:09:21 ec2: -----END SSH HOST KEY FINGERPRINTS-----
<14>Dec  2 21:09:21 ec2: #############################################################
-----BEGIN SSH HOST KEY KEYS-----
ecdsa-sha2-nistp256 AAAAE2VjZHNhLXNoYTItbmlzdHAyNTYAAAAIbmlzdHAyNTYAAABBBAJFSRdm6XpS9qcV+0k1MB4O9j331luxncoFy0TvppO7hMIyV5u6zbcjHjBpuI49hod57gLqTRY1Q8Keemw4/+E= root@ubuntu-xenial
ssh-ed25519 AAAAC3NzaC1lZDI1NTE5AAAAIARCanDa0U3bYa1Azr+NsjsmRgs6pqhzDozjx96lk/Wc root@ubuntu-xenial
ssh-rsa AAAAB3NzaC1yc2EAAAADAQABAAABAQDF57A6Fw8g0ZijXog+z6DRDDxVPMbm8z86kptTIscirFjPzYlsJuL46E3a4EczxThjssJPfXsRpLCyEDhRFiSqayyvrwHshQW42/ELLCit4KO5rHjDIPFlow3KlVnBQH1ySR6QP8RrAnFuepOLWEcoxsfO1HHBqMOt1OpjMOOniedwfVEjxqufCpEOpexcFeH4bl5VRKKTf3mAFdxnDYzUdVyWK82W3kAz4CSicExE+U5VMTCWaFSpW+roEQGDKkP+FB/Ga8rHOa1eW+BsCP2MMqENFw7vMOX/+XIHjAaCfiMfTrBVodiSPUOD22b1v9e7qp8eaZ8xvG1R+jVZVRvl root@ubuntu-xenial
-----END SSH HOST KEY KEYS-----
[   46.002052] cloud-init[1557]: Cloud-init v. 18.2 running 'modules:final' at Sun, 02 Dec 2018 21:09:21 +0000. Up 45.57 seconds.
[   46.003261] cloud-init[1557]: ci-info: no authorized ssh keys fingerprints found for user ubuntu.
[   46.005160] cloud-init[1557]: Cloud-init v. 18.2 finished at Sun, 02 Dec 2018 21:09:21 +0000. Datasource DataSourceNoCloud [seed=/dev/sdb][dsmode=net].  Up 45.98 seconds
